I[00:25:52,553] [main]Main: Hello, I am 192.168.1.80:10102
I[00:25:52,555] [main]AutomatedApp: wy
I[00:25:52,556] [main]AutomatedApp: wy
D[00:25:52,798] [TCPChannel-1-1]TCPChannel: Server socket ready
I[00:25:52,808] [main]AutomatedApp: Waiting...
D[00:25:52,811] [400-p2p-communication]GenericProtocol: Handling event: pt.unl.fct.di.novasys.babel.internal.NotificationEvent@63f7506d
D[00:25:57,811] [300-AutomateCommunicationApp]GenericProtocol: Handling event: TimerEvent{uuid=1, timer=protocols.apps.timers.StartTimer@482468e8, consumer=protocols.apps.AutomatedApp@4c60d6e9, triggerTime=5000, periodic=false, period=-1}
I[00:25:57,811] [300-AutomateCommunicationApp]AutomatedApp: Starting publications
D[00:25:57,813] [300-AutomateCommunicationApp]GenericProtocol: Handling event: TimerEvent{uuid=4, timer=protocols.apps.timers.SendMessageTimer@46e38f9c, consumer=protocols.apps.AutomatedApp@4c60d6e9, triggerTime=6003, periodic=true, period=1000}
I[00:25:57,815] [300-AutomateCommunicationApp]AutomatedApp: Sending: -dfd5d68ee036d6f17ad8b264f07a0e3e92a8f2f139668bb404a95f7bfc74425 -> 2426ee92379e0bbba10bd41536110ca1a0716778d53e7e848b96ff4c041c4e71 : 45552686-bfe5-41fc-9ef3-6e23b61006c3 (100)
D[00:25:57,823] [400-p2p-communication]GenericProtocol: Handling event: pt.unl.fct.di.novasys.babel.internal.IPCEvent@5bcff15e
I[00:25:57,827] [400-p2p-communication]Point2PointCommunication: Received Send Request: SendRequest from -dfd5d68ee036d6f17ad8b264f07a0e3e92a8f2f139668bb404a95f7bfc74425 to 2426ee92379e0bbba10bd41536110ca1a0716778d53e7e848b96ff4c041c4e71 with message ID 45552686-bfe5-41fc-9ef3-6e23b61006c3 payload of 100 bytes
D[00:25:57,830] [500-chord-dht]GenericProtocol: Handling event: pt.unl.fct.di.novasys.babel.internal.IPCEvent@21896efb
I[00:25:57,831] [500-chord-dht]ChordDHT: Received CONTACT Lookup Request of the form Lookup Request for: 2426ee92379e0bbba10bd41536110ca1a0716778d53e7e848b96ff4c041c4e71 from [36, 38, -18, -110, 55, -98, 11, -69, -95, 11, -44, 21, 54, 17, 12, -95, -96, 113, 103, 120, -43, 62, 126, -124, -117, -106, -1, 76, 4, 28, 78, 113]
D[00:25:57,831] [500-chord-dht]GenericProtocol: Sending: InitialContactRequest{} to 192.168.1.80:10101 proto 500 channel 1
D[00:25:57,832] [TCPChannel-1-1]TCPChannel: SendMessage BabelMessage{message=InitialContactRequest{}, sourceProto=500, destProto=500} 192.168.1.80:10101 OUT
D[00:25:57,833] [500-chord-dht]GenericProtocol: Handling event: MessageFailedEvent{msg=BabelMessage{message=InitialContactRequest{}, sourceProto=500, destProto=500}, to=192.168.1.80:10101, cause=java.lang.IllegalArgumentException: No outgoing connection, channelId=1}
D[00:25:57,833] [400-p2p-communication]GenericProtocol: Handling event: MessageFailedEvent{msg=BabelMessage{message=InitialContactRequest{}, sourceProto=500, destProto=500}, to=192.168.1.80:10101, cause=java.lang.IllegalArgumentException: No outgoing connection, channelId=1}
D[00:25:57,833] [400-p2p-communication]GenericProtocol: Discarding unhandled message failed event MessageFailedEvent{msg=BabelMessage{message=InitialContactRequest{}, sourceProto=500, destProto=500}, to=192.168.1.80:10101, cause=java.lang.IllegalArgumentException: No outgoing connection, channelId=1}
E[00:25:57,833] [500-chord-dht]ChordDHT: Message InitialContactRequest{} to 192.168.1.80:10101 failed, reason: java.lang.IllegalArgumentException: No outgoing connection
D[00:25:58,823] [300-AutomateCommunicationApp]GenericProtocol: Handling event: TimerEvent{uuid=4, timer=protocols.apps.timers.SendMessageTimer@46e38f9c, consumer=protocols.apps.AutomatedApp@4c60d6e9, triggerTime=7013, periodic=true, period=1000}
I[00:25:58,824] [300-AutomateCommunicationApp]AutomatedApp: Sending: -dfd5d68ee036d6f17ad8b264f07a0e3e92a8f2f139668bb404a95f7bfc74425 -> -54aa520803175b32064f3a331dda79284ac0d5f1e003a49f1244bc5646153146 : 0125f687-a61a-4aa8-ac91-ed9584e7754b (100)
D[00:25:58,825] [400-p2p-communication]GenericProtocol: Handling event: pt.unl.fct.di.novasys.babel.internal.IPCEvent@71570a72
I[00:25:58,825] [400-p2p-communication]Point2PointCommunication: Received Send Request: SendRequest from -dfd5d68ee036d6f17ad8b264f07a0e3e92a8f2f139668bb404a95f7bfc74425 to -54aa520803175b32064f3a331dda79284ac0d5f1e003a49f1244bc5646153146 with message ID 0125f687-a61a-4aa8-ac91-ed9584e7754b payload of 100 bytes
D[00:25:58,826] [500-chord-dht]GenericProtocol: Handling event: pt.unl.fct.di.novasys.babel.internal.IPCEvent@e5c61ce
I[00:25:58,826] [500-chord-dht]ChordDHT: Received CONTACT Lookup Request of the form Lookup Request for: -54aa520803175b32064f3a331dda79284ac0d5f1e003a49f1244bc5646153146 from [-85, 85, -83, -9, -4, -24, -92, -51, -7, -80, -59, -52, -30, 37, -122, -41, -75, 63, 42, 14, 31, -4, 91, 96, -19, -69, 67, -87, -71, -22, -50, -70]
D[00:25:58,828] [500-chord-dht]GenericProtocol: Sending: InitialContactRequest{} to 192.168.1.80:10101 proto 500 channel 1
D[00:25:58,828] [TCPChannel-1-1]TCPChannel: SendMessage BabelMessage{message=InitialContactRequest{}, sourceProto=500, destProto=500} 192.168.1.80:10101 OUT
D[00:25:58,828] [500-chord-dht]GenericProtocol: Handling event: MessageFailedEvent{msg=BabelMessage{message=InitialContactRequest{}, sourceProto=500, destProto=500}, to=192.168.1.80:10101, cause=java.lang.IllegalArgumentException: No outgoing connection, channelId=1}
D[00:25:58,828] [400-p2p-communication]GenericProtocol: Handling event: MessageFailedEvent{msg=BabelMessage{message=InitialContactRequest{}, sourceProto=500, destProto=500}, to=192.168.1.80:10101, cause=java.lang.IllegalArgumentException: No outgoing connection, channelId=1}
D[00:25:58,828] [400-p2p-communication]GenericProtocol: Discarding unhandled message failed event MessageFailedEvent{msg=BabelMessage{message=InitialContactRequest{}, sourceProto=500, destProto=500}, to=192.168.1.80:10101, cause=java.lang.IllegalArgumentException: No outgoing connection, channelId=1}
E[00:25:58,828] [500-chord-dht]ChordDHT: Message InitialContactRequest{} to 192.168.1.80:10101 failed, reason: java.lang.IllegalArgumentException: No outgoing connection
I[00:25:59,547] [Thread-1]Main: Goodbye
ointCommunication: Received Lookup Reply: LookupReply for -dfd5d68ee036d6f17ad8b264f07a0e3e92a8f2f139668bb404a95f7bfc74425 containing set (0 elements):

D[00:25:56,475] [300-AutomateCommunicationApp]GenericProtocol: Handling event: TimerEvent{uuid=4, timer=protocols.apps.timers.SendMessageTimer@3efb907c, consumer=protocols.apps.AutomatedApp@4c60d6e9, triggerTime=9035, periodic=true, period=1000}
I[00:25:56,475] [300-AutomateCommunicationApp]AutomatedApp: Sending: -dfd5d68ee036d6f17ad8b264f07a0e3e92a8f2f139668bb404a95f7bfc74425 -> -6b826e42c99a8b1fc1aa0a90a9a057258103cbecaf4ccb65c8a853dbdeafdd24 : 2160baa5-e952-4008-9be4-e0399995481f (100)
D[00:25:56,476] [400-p2p-communication]GenericProtocol: Handling event: pt.unl.fct.di.novasys.babel.internal.IPCEvent@6f86324a
I[00:25:56,477] [400-p2p-communication]Point2PointCommunication: Received Send Request: SendRequest from -dfd5d68ee036d6f17ad8b264f07a0e3e92a8f2f139668bb404a95f7bfc74425 to -6b826e42c99a8b1fc1aa0a90a9a057258103cbecaf4ccb65c8a853dbdeafdd24 with message ID 2160baa5-e952-4008-9be4-e0399995481f payload of 100 bytes
D[00:25:56,477] [500-chord-dht]GenericProtocol: Handling event: pt.unl.fct.di.novasys.babel.internal.IPCEvent@6b7279fd
I[00:25:56,477] [500-chord-dht]ChordDHT: Received Lookup Request of the form Lookup Request for: -6b826e42c99a8b1fc1aa0a90a9a057258103cbecaf4ccb65c8a853dbdeafdd24 from [-108, 125, -111, -67, 54, 101, 116, -32, 62, 85, -11, 111, 86, 95, -88, -38, 126, -4, 52, 19, 80, -77, 52, -102, 55, 87, -84, 36, 33, 80, 34, -36]
I[00:25:56,478] [500-chord-dht]ChordDHT: here
I[00:25:56,478] [500-chord-dht]ChordDHT: This node is the closest preceding node for the requested key.
D[00:25:56,478] [400-p2p-communication]GenericProtocol: Handling event: pt.unl.fct.di.novasys.babel.internal.IPCEvent@285017b5
I[00:25:56,478] [400-p2p-communication]Point2PointCommunication: Received Lookup Reply: LookupReply for -dfd5d68ee036d6f17ad8b264f07a0e3e92a8f2f139668bb404a95f7bfc74425 containing set (0 elements):

D[00:25:57,486] [300-AutomateCommunicationApp]GenericProtocol: Handling event: TimerEvent{uuid=4, timer=protocols.apps.timers.SendMessageTimer@3efb907c, consumer=protocols.apps.AutomatedApp@4c60d6e9, triggerTime=10046, periodic=true, period=1000}
I[00:25:57,486] [300-AutomateCommunicationApp]AutomatedApp: Sending: -dfd5d68ee036d6f17ad8b264f07a0e3e92a8f2f139668bb404a95f7bfc74425 -> -2d23e7c0255fa99fc2c945545c56abbc74b653e7be0c63c8e243c67c52fbc038 : 8b1fe8d9-66b1-48e2-9a0a-80c23aa78a7c (100)
D[00:25:57,487] [400-p2p-communication]GenericProtocol: Handling event: pt.unl.fct.di.novasys.babel.internal.IPCEvent@1d9fe06
I[00:25:57,488] [400-p2p-communication]Point2PointCommunication: Received Send Request: SendRequest from -dfd5d68ee036d6f17ad8b264f07a0e3e92a8f2f139668bb404a95f7bfc74425 to -2d23e7c0255fa99fc2c945545c56abbc74b653e7be0c63c8e243c67c52fbc038 with message ID 8b1fe8d9-66b1-48e2-9a0a-80c23aa78a7c payload of 100 bytes
D[00:25:57,488] [500-chord-dht]GenericProtocol: Handling event: pt.unl.fct.di.novasys.babel.internal.IPCEvent@bd39415
I[00:25:57,488] [500-chord-dht]ChordDHT: Received Lookup Request of the form Lookup Request for: -2d23e7c0255fa99fc2c945545c56abbc74b653e7be0c63c8e243c67c52fbc038 from [-46, -36, 24, 63, -38, -96, 86, 96, 61, 54, -70, -85, -93, -87, 84, 67, -117, 73, -84, 24, 65, -13, -100, 55, 29, -68, 57, -125, -83, 4, 63, -56]
I[00:25:57,489] [500-chord-dht]ChordDHT: here
I[00:25:57,489] [500-chord-dht]ChordDHT: This node is the closest preceding node for the requested key.
D[00:25:57,489] [400-p2p-communication]GenericProtocol: Handling event: pt.unl.fct.di.novasys.babel.internal.IPCEvent@65fcbf0e
I[00:25:57,489] [400-p2p-communication]Point2PointCommunication: Received Lookup Reply: LookupReply for -dfd5d68ee036d6f17ad8b264f07a0e3e92a8f2f139668bb404a95f7bfc74425 containing set (0 elements):

D[00:25:58,441] [500-chord-dht]GenericProtocol: Handling event: TimerEvent{uuid=2, timer=protocols.dht.timers.StabilizeTimer@5a5317ea, consumer=protocols.dht.ChordDHT@7318a4bd, triggerTime=20001, periodic=true, period=10000}
D[00:25:58,441] [500-chord-dht]ChordDHT: Stabilizing...
D[00:25:58,441] [500-chord-dht]GenericProtocol: Sending: StabilizeGetPredecessorRequest{} to 192.168.1.80:10101 proto 500 channel 1
D[00:25:58,443] [500-chord-dht]GenericProtocol: Handling event: TimerEvent{uuid=3, timer=protocols.dht.timers.FixFingersTimer@384bf4c9, consumer=protocols.dht.ChordDHT@7318a4bd, triggerTime=20001, periodic=true, period=10000}
D[00:25:58,443] [500-chord-dht]ChordDHT: Fixing fingers...
D[00:25:58,443] [TCPChannel-1-1]TCPChannel: SendMessage BabelMessage{message=StabilizeGetPredecessorRequest{}, sourceProto=500, destProto=500} 192.168.1.80:10101 OUT
D[00:25:58,445] [400-p2p-communication]GenericProtocol: Handling event: MessageFailedEvent{msg=BabelMessage{message=StabilizeGetPredecessorRequest{}, sourceProto=500, destProto=500}, to=192.168.1.80:10101, cause=java.lang.IllegalArgumentException: No outgoing connection, channelId=1}
D[00:25:58,446] [400-p2p-communication]GenericProtocol: Discarding unhandled message failed event MessageFailedEvent{msg=BabelMessage{message=StabilizeGetPredecessorRequest{}, sourceProto=500, destProto=500}, to=192.168.1.80:10101, cause=java.lang.IllegalArgumentException: No outgoing connection, channelId=1}
E[00:25:58,443] [500-chord-dht]GenericProtocol: Unhandled exception in protocol chord-dht (500) java.lang.IllegalArgumentException: Start and end values must be non-negative.
java.lang.IllegalArgumentException: Start and end values must be non-negative.
	at protocols.dht.chord.ChordInterval.<init>(ChordInterval.java:15) ~[asdProj1.jar:?]
	at protocols.dht.chord.ChordInterval.isInInterval(ChordInterval.java:24) ~[asdProj1.jar:?]
	at protocols.dht.ChordDHT.fixFingersFindPredecessor(ChordDHT.java:351) ~[asdProj1.jar:?]
	at protocols.dht.ChordDHT.uponFixFingers(ChordDHT.java:343) ~[asdProj1.jar:?]
	at pt.unl.fct.di.novasys.babel.core.GenericProtocol.handleTimer(GenericProtocol.java:717) ~[asdProj1.jar:?]
	at pt.unl.fct.di.novasys.babel.core.GenericProtocol.mainLoop(GenericProtocol.java:644) ~[asdProj1.jar:?]
	at java.base/java.lang.Thread.run(Thread.java:842) [?:?]
D[00:25:58,452] [500-chord-dht]GenericProtocol: Handling event: MessageFailedEvent{msg=BabelMessage{message=StabilizeGetPredecessorRequest{}, sourceProto=500, destProto=500}, to=192.168.1.80:10101, cause=java.lang.IllegalArgumentException: No outgoing connection, channelId=1}
E[00:25:58,452] [500-chord-dht]ChordDHT: Message StabilizeGetPredecessorRequest{} to 192.168.1.80:10101 failed, reason: java.lang.IllegalArgumentException: No outgoing connection
D[00:25:58,486] [300-AutomateCommunicationApp]GenericProtocol: Handling event: TimerEvent{uuid=4, timer=protocols.apps.timers.SendMessageTimer@3efb907c, consumer=protocols.apps.AutomatedApp@4c60d6e9, triggerTime=11046, periodic=true, period=1000}
I[00:25:58,486] [300-AutomateCommunicationApp]AutomatedApp: Sending: -dfd5d68ee036d6f17ad8b264f07a0e3e92a8f2f139668bb404a95f7bfc74425 -> -1c19847174dde57b896cca5448905b8bcbbec664c86020e389701cf07d223d0c : a0bcfd70-9012-485b-912f-6255d337ddf3 (100)
D[00:25:58,487] [400-p2p-communication]GenericProtocol: Handling event: pt.unl.fct.di.novasys.babel.internal.IPCEvent@6855ae10
I[00:25:58,487] [400-p2p-communication]Point2PointCommunication: Received Send Request: SendRequest from -dfd5d68ee036d6f17ad8b264f07a0e3e92a8f2f139668bb404a95f7bfc74425 to -1c19847174dde57b896cca5448905b8bcbbec664c86020e389701cf07d223d0c with message ID a0bcfd70-9012-485b-912f-6255d337ddf3 payload of 100 bytes
D[00:25:58,487] [500-chord-dht]GenericProtocol: Handling event: pt.unl.fct.di.novasys.babel.internal.IPCEvent@5eef6f7
I[00:25:58,487] [500-chord-dht]ChordDHT: Received Lookup Request of the form Lookup Request for: -1c19847174dde57b896cca5448905b8bcbbec664c86020e389701cf07d223d0c from [-29, -26, 123, -114, -117, 34, 26, -124, 118, -109, 53, -85, -73, 111, -92, 116, 52, 65, 57, -101, 55, -97, -33, 28, 118, -113, -29, 15, -126, -35, -62, -12]
I[00:25:58,488] [500-chord-dht]ChordDHT: here
I[00:25:58,488] [500-chord-dht]ChordDHT: This node is the closest preceding node for the requested key.
D[00:25:58,488] [400-p2p-communication]GenericProtocol: Handling event: pt.unl.fct.di.novasys.babel.internal.IPCEvent@6acf154d
I[00:25:58,488] [400-p2p-communication]Point2PointCommunication: Received Lookup Reply: LookupReply for -dfd5d68ee036d6f17ad8b264f07a0e3e92a8f2f139668bb404a95f7bfc74425 containing set (0 elements):

D[00:25:59,491] [300-AutomateCommunicationApp]GenericProtocol: Handling event: TimerEvent{uuid=4, timer=protocols.apps.timers.SendMessageTimer@3efb907c, consumer=protocols.apps.AutomatedApp@4c60d6e9, triggerTime=12051, periodic=true, period=1000}
I[00:25:59,492] [300-AutomateCommunicationApp]AutomatedApp: Sending: -dfd5d68ee036d6f17ad8b264f07a0e3e92a8f2f139668bb404a95f7bfc74425 -> -3f1edbead3b055e9af3bbe493698ab38f25fc5840b997594964a3b3be47296c7 : 072f296f-0540-42ec-b8c8-74e0a5d598e9 (100)
D[00:25:59,492] [400-p2p-communication]GenericProtocol: Handling event: pt.unl.fct.di.novasys.babel.internal.IPCEvent@1b416fdd
I[00:25:59,493] [400-p2p-communication]Point2PointCommunication: Received Send Request: SendRequest from -dfd5d68ee036d6f17ad8b264f07a0e3e92a8f2f139668bb404a95f7bfc74425 to -3f1edbead3b055e9af3bbe493698ab38f25fc5840b997594964a3b3be47296c7 with message ID 072f296f-0540-42ec-b8c8-74e0a5d598e9 payload of 100 bytes
D[00:25:59,494] [500-chord-dht]GenericProtocol: Handling event: pt.unl.fct.di.novasys.babel.internal.IPCEvent@215cb21a
I[00:25:59,494] [500-chord-dht]ChordDHT: Received Lookup Request of the form Lookup Request for: -3f1edbead3b055e9af3bbe493698ab38f25fc5840b997594964a3b3be47296c7 from [-64, -31, 36, 21, 44, 79, -86, 22, 80, -60, 65, -74, -55, 103, 84, -57, 13, -96, 58, 123, -12, 102, -118, 107, 105, -75, -60, -60, 27, -115, 105, 57]
I[00:25:59,495] [500-chord-dht]ChordDHT: here
I[00:25:59,495] [500-chord-dht]ChordDHT: This node is the closest preceding node for the requested key.
D[00:25:59,496] [400-p2p-communication]GenericProtocol: Handling event: pt.unl.fct.di.novasys.babel.internal.IPCEvent@3d575f4f
I[00:25:59,496] [400-p2p-communication]Point2PointCommunication: Received Lookup Reply: LookupReply for -dfd5d68ee036d6f17ad8b264f07a0e3e92a8f2f139668bb404a95f7bfc74425 containing set (0 elements):

D[00:26:00,503] [300-AutomateCommunicationApp]GenericProtocol: Handling event: TimerEvent{uuid=4, timer=protocols.apps.timers.SendMessageTimer@3efb907c, consumer=protocols.apps.AutomatedApp@4c60d6e9, triggerTime=13063, periodic=true, period=1000}
I[00:26:00,503] [300-AutomateCommunicationApp]AutomatedApp: Sending: -dfd5d68ee036d6f17ad8b264f07a0e3e92a8f2f139668bb404a95f7bfc74425 -> 4928eb25ddc7f61ea23fc0dbb0a6800ab1a88854792a33b560ff81318b918789 : 9feaa30f-2933-4d90-87c1-a1039ef9e785 (100)
D[00:26:00,511] [400-p2p-communication]GenericProtocol: Handling event: pt.unl.fct.di.novasys.babel.internal.IPCEvent@78f56254
I[00:26:00,511] [400-p2p-communication]Point2PointCommunication: Received Send Request: SendRequest from -dfd5d68ee036d6f17ad8b264f07a0e3e92a8f2f139668bb404a95f7bfc74425 to 4928eb25ddc7f61ea23fc0dbb0a6800ab1a88854792a33b560ff81318b918789 with message ID 9feaa30f-2933-4d90-87c1-a1039ef9e785 payload of 100 bytes
D[00:26:00,511] [500-chord-dht]GenericProtocol: Handling event: pt.unl.fct.di.novasys.babel.internal.IPCEvent@4a9a5964
I[00:26:00,512] [500-chord-dht]ChordDHT: Received Lookup Request of the form Lookup Request for: 4928eb25ddc7f61ea23fc0dbb0a6800ab1a88854792a33b560ff81318b918789 from [73, 40, -21, 37, -35, -57, -10, 30, -94, 63, -64, -37, -80, -90, -128, 10, -79, -88, -120, 84, 121, 42, 51, -75, 96, -1, -127, 49, -117, -111, -121, -119]
I[00:26:00,512] [500-chord-dht]ChordDHT: here
I[00:26:00,513] [500-chord-dht]ChordDHT: This node is the closest preceding node for the requested key.
D[00:26:00,513] [400-p2p-communication]GenericProtocol: Handling event: pt.unl.fct.di.novasys.babel.internal.IPCEvent@52c6431e
I[00:26:00,513] [400-p2p-communication]Point2PointCommunication: Received Lookup Reply: LookupReply for -dfd5d68ee036d6f17ad8b264f07a0e3e92a8f2f139668bb404a95f7bfc74425 containing set (0 elements):

D[00:26:01,510] [300-AutomateCommunicationApp]GenericProtocol: Handling event: TimerEvent{uuid=4, timer=protocols.apps.timers.SendMessageTimer@3efb907c, consumer=protocols.apps.AutomatedApp@4c60d6e9, triggerTime=14070, periodic=true, period=1000}
I[00:26:01,510] [300-AutomateCommunicationApp]AutomatedApp: Sending: -dfd5d68ee036d6f17ad8b264f07a0e3e92a8f2f139668bb404a95f7bfc74425 -> -7380e98755300369e783698a2ca18c2fc47293e60c4d03d1e1da776a4b227621 : 06156a88-b210-4c20-ae89-dc03e89cc1a1 (100)
D[00:26:01,512] [400-p2p-communication]GenericProtocol: Handling event: pt.unl.fct.di.novasys.babel.internal.IPCEvent@3f2e6c39
I[00:26:01,512] [400-p2p-communication]Point2PointCommunication: Received Send Request: SendRequest from -dfd5d68ee036d6f17ad8b264f07a0e3e92a8f2f139668bb404a95f7bfc74425 to -7380e98755300369e783698a2ca18c2fc47293e60c4d03d1e1da776a4b227621 with message ID 06156a88-b210-4c20-ae89-dc03e89cc1a1 payload of 100 bytes
D[00:26:01,513] [500-chord-dht]GenericProtocol: Handling event: pt.unl.fct.di.novasys.babel.internal.IPCEvent@597a5424
I[00:26:01,513] [500-chord-dht]ChordDHT: Received Lookup Request of the form Lookup Request for: -7380e98755300369e783698a2ca18c2fc47293e60c4d03d1e1da776a4b227621 from [-116, 127, 22, 120, -86, -49, -4, -106, 24, 124, -106, 117, -45, 94, 115, -48, 59, -115, 108, 25, -13, -78, -4, 46, 30, 37, -120, -107, -76, -35, -119, -33]
I[00:26:01,513] [500-chord-dht]ChordDHT: here
I[00:26:01,513] [500-chord-dht]ChordDHT: This node is the closest preceding node for the requested key.
D[00:26:01,513] [400-p2p-communication]GenericProtocol: Handling event: pt.unl.fct.di.novasys.babel.internal.IPCEvent@6cd16e3c
I[00:26:01,514] [400-p2p-communication]Point2PointCommunication: Received Lookup Reply: LookupReply for -dfd5d68ee036d6f17ad8b264f07a0e3e92a8f2f139668bb404a95f7bfc74425 containing set (0 elements):

I[00:26:02,017] [Thread-1]Main: Goodbye
